<?xml version="1.0" encoding="UTF-8"?>
<!-- Generated by org.testng.reporters.JUnitReportReporter -->
<testsuite skipped="0" hostname="Biplab" name="RahulS.QAPractice.Login" tests="6" failures="0" timestamp="2020-03-14T00:12:25 CDT" time="85.200" errors="0">
  <testcase name="setupApplication" time="50.911" classname="RahulS.QAPractice.Login"/>
  <testcase name="loginToApplication" time="12.493" classname="RahulS.QAPractice.Login"/>
  <testcase name="logInToApplication" time="10.159" classname="RahulS.QAPractice.Login"/>
  <testcase name="homeLink" time="6.223" classname="RahulS.QAPractice.Login"/>
  <testcase name="practiceProject" time="1.056" classname="RahulS.QAPractice.Login"/>
  <testcase name="closeApplication" time="4.358" classname="RahulS.QAPractice.Login"/>
</testsuite> <!-- RahulS.QAPractice.Login -->
